{"C:\\temp\\vue-2-datepicker\\src\\main.js": {"path":"C:\\temp\\vue-2-datepicker\\src\\main.js","statementMap":{"0":{"start":{"line":4,"column":10},"end":{"line":4,"column":48}},"1":{"start":{"line":4,"column":35},"end":{"line":4,"column":45}},"2":{"start":{"line":6,"column":0},"end":{"line":6,"column":18}}},"fnMap":{"0":{"name":"(anonymous_0)","decl":{"start":{"line":4,"column":28},"end":{"line":4,"column":29}},"loc":{"start":{"line":4,"column":35},"end":{"line":4,"column":45}},"line":4}},"branchMap":{},"s":{"0":0,"1":0,"2":0},"f":{"0":0},"b":{}}
,"C:\\temp\\vue-2-datepicker\\src\\components\\HelloWorld.vue": {"path":"C:\\temp\\vue-2-datepicker\\src\\components\\HelloWorld.vue","statementMap":{"0":{"start":{"line":1,"column":0},"end":{"line":1,"column":null}},"1":{"start":{"line":5,"column":0},"end":{"line":5,"column":null}}},"fnMap":{"0":{"name":"(anonymous_2)","decl":{"start":{"line":4,"column":0},"end":{"line":4,"column":null}},"loc":{"start":{"line":4,"column":0},"end":{"line":6,"column":null}}}},"branchMap":{},"s":{"0":0,"1":0},"f":{"0":0},"b":{}}
,"C:\\temp\\vue-2-datepicker\\src\\lib\\main.js": {"path":"C:\\temp\\vue-2-datepicker\\src\\lib\\main.js","statementMap":{},"fnMap":{},"branchMap":{},"s":{},"f":{},"b":{}}
,"C:\\temp\\vue-2-datepicker\\src\\locale\\Language.js": {"path":"C:\\temp\\vue-2-datepicker\\src\\locale\\Language.js","statementMap":{"0":{"start":{"line":3,"column":4},"end":{"line":3,"column":28}},"1":{"start":{"line":4,"column":4},"end":{"line":4,"column":24}},"2":{"start":{"line":5,"column":4},"end":{"line":5,"column":32}},"3":{"start":{"line":6,"column":4},"end":{"line":6,"column":20}},"4":{"start":{"line":7,"column":4},"end":{"line":7,"column":20}},"5":{"start":{"line":8,"column":4},"end":{"line":8,"column":20}},"6":{"start":{"line":9,"column":4},"end":{"line":9,"column":24}},"7":{"start":{"line":13,"column":4},"end":{"line":13,"column":25}},"8":{"start":{"line":17,"column":4},"end":{"line":19,"column":5}},"9":{"start":{"line":18,"column":6},"end":{"line":18,"column":54}},"10":{"start":{"line":20,"column":4},"end":{"line":20,"column":29}},"11":{"start":{"line":24,"column":4},"end":{"line":24,"column":23}},"12":{"start":{"line":28,"column":4},"end":{"line":30,"column":5}},"13":{"start":{"line":29,"column":6},"end":{"line":29,"column":83}},"14":{"start":{"line":31,"column":4},"end":{"line":31,"column":25}},"15":{"start":{"line":35,"column":4},"end":{"line":35,"column":27}},"16":{"start":{"line":39,"column":4},"end":{"line":41,"column":5}},"17":{"start":{"line":40,"column":6},"end":{"line":40,"column":95}},"18":{"start":{"line":42,"column":4},"end":{"line":42,"column":33}},"19":{"start":{"line":46,"column":4},"end":{"line":46,"column":21}},"20":{"start":{"line":50,"column":4},"end":{"line":52,"column":5}},"21":{"start":{"line":51,"column":6},"end":{"line":51,"column":80}},"22":{"start":{"line":53,"column":4},"end":{"line":53,"column":21}}},"fnMap":{"0":{"name":"(anonymous_0)","decl":{"start":{"line":2,"column":2},"end":{"line":2,"column":3}},"loc":{"start":{"line":2,"column":51},"end":{"line":10,"column":3}},"line":2},"1":{"name":"(anonymous_1)","decl":{"start":{"line":12,"column":2},"end":{"line":12,"column":3}},"loc":{"start":{"line":12,"column":18},"end":{"line":14,"column":3}},"line":12},"2":{"name":"(anonymous_2)","decl":{"start":{"line":16,"column":2},"end":{"line":16,"column":3}},"loc":{"start":{"line":16,"column":26},"end":{"line":21,"column":3}},"line":16},"3":{"name":"(anonymous_3)","decl":{"start":{"line":23,"column":2},"end":{"line":23,"column":3}},"loc":{"start":{"line":23,"column":16},"end":{"line":25,"column":3}},"line":23},"4":{"name":"(anonymous_4)","decl":{"start":{"line":27,"column":2},"end":{"line":27,"column":3}},"loc":{"start":{"line":27,"column":22},"end":{"line":32,"column":3}},"line":27},"5":{"name":"(anonymous_5)","decl":{"start":{"line":34,"column":2},"end":{"line":34,"column":3}},"loc":{"start":{"line":34,"column":20},"end":{"line":36,"column":3}},"line":34},"6":{"name":"(anonymous_6)","decl":{"start":{"line":38,"column":2},"end":{"line":38,"column":3}},"loc":{"start":{"line":38,"column":30},"end":{"line":43,"column":3}},"line":38},"7":{"name":"(anonymous_7)","decl":{"start":{"line":45,"column":2},"end":{"line":45,"column":3}},"loc":{"start":{"line":45,"column":14},"end":{"line":47,"column":3}},"line":45},"8":{"name":"(anonymous_8)","decl":{"start":{"line":49,"column":2},"end":{"line":49,"column":3}},"loc":{"start":{"line":49,"column":18},"end":{"line":54,"column":3}},"line":49}},"branchMap":{"0":{"loc":{"start":{"line":17,"column":4},"end":{"line":19,"column":5}},"type":"if","locations":[{"start":{"line":17,"column":4},"end":{"line":19,"column":5}},{"start":{},"end":{}}],"line":17},"1":{"loc":{"start":{"line":28,"column":4},"end":{"line":30,"column":5}},"type":"if","locations":[{"start":{"line":28,"column":4},"end":{"line":30,"column":5}},{"start":{},"end":{}}],"line":28},"2":{"loc":{"start":{"line":39,"column":4},"end":{"line":41,"column":5}},"type":"if","locations":[{"start":{"line":39,"column":4},"end":{"line":41,"column":5}},{"start":{},"end":{}}],"line":39},"3":{"loc":{"start":{"line":50,"column":4},"end":{"line":52,"column":5}},"type":"if","locations":[{"start":{"line":50,"column":4},"end":{"line":52,"column":5}},{"start":{},"end":{}}],"line":50}},"s":{"0":0,"1":0,"2":0,"3":0,"4":0,"5":0,"6":0,"7":0,"8":0,"9":0,"10":0,"11":0,"12":0,"13":0,"14":0,"15":0,"16":0,"17":0,"18":0,"19":0,"20":0,"21":0,"22":0},"f":{"0":0,"1":0,"2":0,"3":0,"4":0,"5":0,"6":0,"7":0,"8":0},"b":{"0":[0,0],"1":[0,0],"2":[0,0],"3":[0,0]}}
,"C:\\temp\\vue-2-datepicker\\src\\locale\\index.js": {"path":"C:\\temp\\vue-2-datepicker\\src\\locale\\index.js","statementMap":{},"fnMap":{},"branchMap":{},"s":{},"f":{},"b":{}}
,"C:\\temp\\vue-2-datepicker\\src\\utils\\DateUtils.js": {"path":"C:\\temp\\vue-2-datepicker\\src\\utils\\DateUtils.js","statementMap":{"0":{"start":{"line":3,"column":14},"end":{"line":244,"column":1}},"1":{"start":{"line":13,"column":4},"end":{"line":13,"column":67}},"2":{"start":{"line":21,"column":4},"end":{"line":21,"column":61}},"3":{"start":{"line":29,"column":4},"end":{"line":29,"column":59}},"4":{"start":{"line":37,"column":4},"end":{"line":37,"column":57}},"5":{"start":{"line":45,"column":4},"end":{"line":45,"column":61}},"6":{"start":{"line":53,"column":4},"end":{"line":53,"column":65}},"7":{"start":{"line":61,"column":4},"end":{"line":61,"column":77}},"8":{"start":{"line":69,"column":4},"end":{"line":69,"column":71}},"9":{"start":{"line":78,"column":4},"end":{"line":78,"column":69}},"10":{"start":{"line":88,"column":15},"end":{"line":88,"column":40}},"11":{"start":{"line":89,"column":15},"end":{"line":89,"column":40}},"12":{"start":{"line":91,"column":4},"end":{"line":97,"column":5}},"13":{"start":{"line":92,"column":6},"end":{"line":92,"column":32}},"14":{"start":{"line":93,"column":6},"end":{"line":93,"column":32}},"15":{"start":{"line":95,"column":6},"end":{"line":95,"column":29}},"16":{"start":{"line":96,"column":6},"end":{"line":96,"column":29}},"17":{"start":{"line":98,"column":4},"end":{"line":98,"column":40}},"18":{"start":{"line":107,"column":4},"end":{"line":109,"column":5}},"19":{"start":{"line":108,"column":6},"end":{"line":108,"column":18}},"20":{"start":{"line":110,"column":4},"end":{"line":110,"column":33}},"21":{"start":{"line":120,"column":4},"end":{"line":122,"column":5}},"22":{"start":{"line":121,"column":6},"end":{"line":121,"column":37}},"23":{"start":{"line":123,"column":4},"end":{"line":123,"column":34}},"24":{"start":{"line":133,"column":4},"end":{"line":135,"column":5}},"25":{"start":{"line":134,"column":6},"end":{"line":134,"column":55}},"26":{"start":{"line":136,"column":4},"end":{"line":138,"column":5}},"27":{"start":{"line":137,"column":6},"end":{"line":137,"column":41}},"28":{"start":{"line":139,"column":4},"end":{"line":141,"column":5}},"29":{"start":{"line":140,"column":6},"end":{"line":140,"column":26}},"30":{"start":{"line":142,"column":4},"end":{"line":142,"column":35}},"31":{"start":{"line":151,"column":4},"end":{"line":153,"column":5}},"32":{"start":{"line":152,"column":6},"end":{"line":152,"column":54}},"33":{"start":{"line":154,"column":4},"end":{"line":156,"column":5}},"34":{"start":{"line":155,"column":6},"end":{"line":155,"column":45}},"35":{"start":{"line":157,"column":4},"end":{"line":159,"column":5}},"36":{"start":{"line":158,"column":6},"end":{"line":158,"column":30}},"37":{"start":{"line":160,"column":4},"end":{"line":160,"column":35}},"38":{"start":{"line":170,"column":4},"end":{"line":170,"column":114}},"39":{"start":{"line":179,"column":4},"end":{"line":192,"column":5}},"40":{"start":{"line":183,"column":8},"end":{"line":183,"column":19}},"41":{"start":{"line":186,"column":8},"end":{"line":186,"column":19}},"42":{"start":{"line":189,"column":8},"end":{"line":189,"column":19}},"43":{"start":{"line":191,"column":8},"end":{"line":191,"column":19}},"44":{"start":{"line":203,"column":4},"end":{"line":203,"column":51}},"45":{"start":{"line":204,"column":15},"end":{"line":204,"column":37}},"46":{"start":{"line":205,"column":16},"end":{"line":205,"column":39}},"47":{"start":{"line":206,"column":14},"end":{"line":206,"column":32}},"48":{"start":{"line":207,"column":14},"end":{"line":217,"column":73}},"49":{"start":{"line":218,"column":4},"end":{"line":218,"column":14}},"50":{"start":{"line":228,"column":16},"end":{"line":228,"column":18}},"51":{"start":{"line":229,"column":4},"end":{"line":232,"column":5}},"52":{"start":{"line":230,"column":6},"end":{"line":230,"column":33}},"53":{"start":{"line":231,"column":6},"end":{"line":231,"column":78}},"54":{"start":{"line":233,"column":4},"end":{"line":233,"column":16}},"55":{"start":{"line":242,"column":4},"end":{"line":242,"column":100}},"56":{"start":{"line":246,"column":29},"end":{"line":246,"column":59}},"57":{"start":{"line":246,"column":40},"end":{"line":246,"column":58}}},"fnMap":{"0":{"name":"(anonymous_0)","decl":{"start":{"line":12,"column":2},"end":{"line":12,"column":3}},"loc":{"start":{"line":12,"column":21},"end":{"line":14,"column":3}},"line":12},"1":{"name":"(anonymous_1)","decl":{"start":{"line":20,"column":2},"end":{"line":20,"column":3}},"loc":{"start":{"line":20,"column":18},"end":{"line":22,"column":3}},"line":20},"2":{"name":"(anonymous_2)","decl":{"start":{"line":28,"column":2},"end":{"line":28,"column":3}},"loc":{"start":{"line":28,"column":17},"end":{"line":30,"column":3}},"line":28},"3":{"name":"(anonymous_3)","decl":{"start":{"line":36,"column":2},"end":{"line":36,"column":3}},"loc":{"start":{"line":36,"column":16},"end":{"line":38,"column":3}},"line":36},"4":{"name":"(anonymous_4)","decl":{"start":{"line":44,"column":2},"end":{"line":44,"column":3}},"loc":{"start":{"line":44,"column":18},"end":{"line":46,"column":3}},"line":44},"5":{"name":"(anonymous_5)","decl":{"start":{"line":52,"column":2},"end":{"line":52,"column":3}},"loc":{"start":{"line":52,"column":20},"end":{"line":54,"column":3}},"line":52},"6":{"name":"(anonymous_6)","decl":{"start":{"line":60,"column":2},"end":{"line":60,"column":3}},"loc":{"start":{"line":60,"column":36},"end":{"line":62,"column":3}},"line":60},"7":{"name":"(anonymous_7)","decl":{"start":{"line":68,"column":2},"end":{"line":68,"column":3}},"loc":{"start":{"line":68,"column":33},"end":{"line":70,"column":3}},"line":68},"8":{"name":"(anonymous_8)","decl":{"start":{"line":77,"column":2},"end":{"line":77,"column":3}},"loc":{"start":{"line":77,"column":32},"end":{"line":79,"column":3}},"line":77},"9":{"name":"(anonymous_9)","decl":{"start":{"line":87,"column":2},"end":{"line":87,"column":3}},"loc":{"start":{"line":87,"column":30},"end":{"line":99,"column":3}},"line":87},"10":{"name":"(anonymous_10)","decl":{"start":{"line":106,"column":2},"end":{"line":106,"column":3}},"loc":{"start":{"line":106,"column":21},"end":{"line":111,"column":3}},"line":106},"11":{"name":"(anonymous_11)","decl":{"start":{"line":119,"column":2},"end":{"line":119,"column":3}},"loc":{"start":{"line":119,"column":30},"end":{"line":124,"column":3}},"line":119},"12":{"name":"(anonymous_12)","decl":{"start":{"line":132,"column":2},"end":{"line":132,"column":3}},"loc":{"start":{"line":132,"column":31},"end":{"line":143,"column":3}},"line":132},"13":{"name":"(anonymous_13)","decl":{"start":{"line":150,"column":2},"end":{"line":150,"column":3}},"loc":{"start":{"line":150,"column":39},"end":{"line":161,"column":3}},"line":150},"14":{"name":"(anonymous_14)","decl":{"start":{"line":169,"column":2},"end":{"line":169,"column":3}},"loc":{"start":{"line":169,"column":28},"end":{"line":171,"column":3}},"line":169},"15":{"name":"(anonymous_15)","decl":{"start":{"line":178,"column":2},"end":{"line":178,"column":3}},"loc":{"start":{"line":178,"column":21},"end":{"line":193,"column":3}},"line":178},"16":{"name":"(anonymous_16)","decl":{"start":{"line":202,"column":2},"end":{"line":202,"column":3}},"loc":{"start":{"line":202,"column":41},"end":{"line":219,"column":3}},"line":202},"17":{"name":"(anonymous_17)","decl":{"start":{"line":227,"column":2},"end":{"line":227,"column":3}},"loc":{"start":{"line":227,"column":31},"end":{"line":234,"column":3}},"line":227},"18":{"name":"(anonymous_18)","decl":{"start":{"line":241,"column":2},"end":{"line":241,"column":3}},"loc":{"start":{"line":241,"column":26},"end":{"line":243,"column":3}},"line":241},"19":{"name":"(anonymous_19)","decl":{"start":{"line":246,"column":29},"end":{"line":246,"column":30}},"loc":{"start":{"line":246,"column":40},"end":{"line":246,"column":58}},"line":246}},"branchMap":{"0":{"loc":{"start":{"line":13,"column":11},"end":{"line":13,"column":67}},"type":"cond-expr","locations":[{"start":{"line":13,"column":25},"end":{"line":13,"column":46}},{"start":{"line":13,"column":49},"end":{"line":13,"column":67}}],"line":13},"1":{"loc":{"start":{"line":21,"column":11},"end":{"line":21,"column":61}},"type":"cond-expr","locations":[{"start":{"line":21,"column":25},"end":{"line":21,"column":43}},{"start":{"line":21,"column":46},"end":{"line":21,"column":61}}],"line":21},"2":{"loc":{"start":{"line":29,"column":11},"end":{"line":29,"column":59}},"type":"cond-expr","locations":[{"start":{"line":29,"column":25},"end":{"line":29,"column":42}},{"start":{"line":29,"column":45},"end":{"line":29,"column":59}}],"line":29},"3":{"loc":{"start":{"line":37,"column":11},"end":{"line":37,"column":57}},"type":"cond-expr","locations":[{"start":{"line":37,"column":25},"end":{"line":37,"column":41}},{"start":{"line":37,"column":44},"end":{"line":37,"column":57}}],"line":37},"4":{"loc":{"start":{"line":45,"column":11},"end":{"line":45,"column":61}},"type":"cond-expr","locations":[{"start":{"line":45,"column":25},"end":{"line":45,"column":43}},{"start":{"line":45,"column":46},"end":{"line":45,"column":61}}],"line":45},"5":{"loc":{"start":{"line":53,"column":11},"end":{"line":53,"column":65}},"type":"cond-expr","locations":[{"start":{"line":53,"column":25},"end":{"line":53,"column":45}},{"start":{"line":53,"column":48},"end":{"line":53,"column":65}}],"line":53},"6":{"loc":{"start":{"line":61,"column":11},"end":{"line":61,"column":77}},"type":"cond-expr","locations":[{"start":{"line":61,"column":25},"end":{"line":61,"column":51}},{"start":{"line":61,"column":54},"end":{"line":61,"column":77}}],"line":61},"7":{"loc":{"start":{"line":69,"column":11},"end":{"line":69,"column":71}},"type":"cond-expr","locations":[{"start":{"line":69,"column":25},"end":{"line":69,"column":48}},{"start":{"line":69,"column":51},"end":{"line":69,"column":71}}],"line":69},"8":{"loc":{"start":{"line":78,"column":11},"end":{"line":78,"column":69}},"type":"cond-expr","locations":[{"start":{"line":78,"column":25},"end":{"line":78,"column":47}},{"start":{"line":78,"column":50},"end":{"line":78,"column":69}}],"line":78},"9":{"loc":{"start":{"line":91,"column":4},"end":{"line":97,"column":5}},"type":"if","locations":[{"start":{"line":91,"column":4},"end":{"line":97,"column":5}},{"start":{"line":94,"column":11},"end":{"line":97,"column":5}}],"line":91},"10":{"loc":{"start":{"line":107,"column":4},"end":{"line":109,"column":5}},"type":"if","locations":[{"start":{"line":107,"column":4},"end":{"line":109,"column":5}},{"start":{},"end":{}}],"line":107},"11":{"loc":{"start":{"line":120,"column":4},"end":{"line":122,"column":5}},"type":"if","locations":[{"start":{"line":120,"column":4},"end":{"line":122,"column":5}},{"start":{},"end":{}}],"line":120},"12":{"loc":{"start":{"line":133,"column":4},"end":{"line":135,"column":5}},"type":"if","locations":[{"start":{"line":133,"column":4},"end":{"line":135,"column":5}},{"start":{},"end":{}}],"line":133},"13":{"loc":{"start":{"line":136,"column":4},"end":{"line":138,"column":5}},"type":"if","locations":[{"start":{"line":136,"column":4},"end":{"line":138,"column":5}},{"start":{},"end":{}}],"line":136},"14":{"loc":{"start":{"line":139,"column":4},"end":{"line":141,"column":5}},"type":"if","locations":[{"start":{"line":139,"column":4},"end":{"line":141,"column":5}},{"start":{},"end":{}}],"line":139},"15":{"loc":{"start":{"line":151,"column":4},"end":{"line":153,"column":5}},"type":"if","locations":[{"start":{"line":151,"column":4},"end":{"line":153,"column":5}},{"start":{},"end":{}}],"line":151},"16":{"loc":{"start":{"line":154,"column":4},"end":{"line":156,"column":5}},"type":"if","locations":[{"start":{"line":154,"column":4},"end":{"line":156,"column":5}},{"start":{},"end":{}}],"line":154},"17":{"loc":{"start":{"line":157,"column":4},"end":{"line":159,"column":5}},"type":"if","locations":[{"start":{"line":157,"column":4},"end":{"line":159,"column":5}},{"start":{},"end":{}}],"line":157},"18":{"loc":{"start":{"line":170,"column":11},"end":{"line":170,"column":114}},"type":"cond-expr","locations":[{"start":{"line":170,"column":36},"end":{"line":170,"column":38}},{"start":{"line":170,"column":41},"end":{"line":170,"column":114}}],"line":170},"19":{"loc":{"start":{"line":170,"column":41},"end":{"line":170,"column":114}},"type":"cond-expr","locations":[{"start":{"line":170,"column":55},"end":{"line":170,"column":109}},{"start":{"line":170,"column":112},"end":{"line":170,"column":114}}],"line":170},"20":{"loc":{"start":{"line":170,"column":55},"end":{"line":170,"column":109}},"type":"cond-expr","locations":[{"start":{"line":170,"column":102},"end":{"line":170,"column":104}},{"start":{"line":170,"column":107},"end":{"line":170,"column":109}}],"line":170},"21":{"loc":{"start":{"line":170,"column":55},"end":{"line":170,"column":99}},"type":"binary-expr","locations":[{"start":{"line":170,"column":56},"end":{"line":170,"column":67}},{"start":{"line":170,"column":71},"end":{"line":170,"column":81}},{"start":{"line":170,"column":86},"end":{"line":170,"column":99}}],"line":170},"22":{"loc":{"start":{"line":179,"column":4},"end":{"line":192,"column":5}},"type":"switch","locations":[{"start":{"line":180,"column":6},"end":{"line":180,"column":13}},{"start":{"line":181,"column":6},"end":{"line":181,"column":14}},{"start":{"line":182,"column":6},"end":{"line":183,"column":19}},{"start":{"line":184,"column":6},"end":{"line":184,"column":13}},{"start":{"line":185,"column":6},"end":{"line":186,"column":19}},{"start":{"line":187,"column":6},"end":{"line":187,"column":13}},{"start":{"line":188,"column":6},"end":{"line":189,"column":19}},{"start":{"line":190,"column":6},"end":{"line":191,"column":19}}],"line":179},"23":{"loc":{"start":{"line":203,"column":18},"end":{"line":203,"column":51}},"type":"cond-expr","locations":[{"start":{"line":203,"column":35},"end":{"line":203,"column":37}},{"start":{"line":203,"column":40},"end":{"line":203,"column":51}}],"line":203},"24":{"loc":{"start":{"line":242,"column":11},"end":{"line":242,"column":100}},"type":"binary-expr","locations":[{"start":{"line":242,"column":11},"end":{"line":242,"column":23}},{"start":{"line":242,"column":27},"end":{"line":242,"column":46}},{"start":{"line":242,"column":50},"end":{"line":242,"column":73}},{"start":{"line":242,"column":77},"end":{"line":242,"column":100}}],"line":242}},"s":{"0":0,"1":0,"2":0,"3":0,"4":0,"5":0,"6":0,"7":0,"8":0,"9":0,"10":0,"11":0,"12":0,"13":0,"14":0,"15":0,"16":0,"17":0,"18":0,"19":0,"20":0,"21":0,"22":0,"23":0,"24":0,"25":0,"26":0,"27":0,"28":0,"29":0,"30":0,"31":0,"32":0,"33":0,"34":0,"35":0,"36":0,"37":0,"38":0,"39":0,"40":0,"41":0,"42":0,"43":0,"44":0,"45":0,"46":0,"47":0,"48":0,"49":0,"50":0,"51":0,"52":0,"53":0,"54":0,"55":0,"56":0,"57":0},"f":{"0":0,"1":0,"2":0,"3":0,"4":0,"5":0,"6":0,"7":0,"8":0,"9":0,"10":0,"11":0,"12":0,"13":0,"14":0,"15":0,"16":0,"17":0,"18":0,"19":0},"b":{"0":[0,0],"1":[0,0],"2":[0,0],"3":[0,0],"4":[0,0],"5":[0,0],"6":[0,0],"7":[0,0],"8":[0,0],"9":[0,0],"10":[0,0],"11":[0,0],"12":[0,0],"13":[0,0],"14":[0,0],"15":[0,0],"16":[0,0],"17":[0,0],"18":[0,0],"19":[0,0],"20":[0,0],"21":[0,0,0],"22":[0,0,0,0,0,0,0,0],"23":[0,0],"24":[0,0,0,0]}}
}
